1650874992241	geckodriver	INFO	Listening on 127.0.0.1:60802
1650874995298	mozrunner::runner	INFO	Running command: "C:\\Program Files\\Mozilla Firefox\\firefox.exe" "--marionette" "--remote-debugging-port" "60803" "--remote-allow-hosts" "localhost" "-no-remote" "-profile" "C:\\Users\\dredl\\AppData\\Local\\Temp\\rust_mozprofileLMxZzO"
LdrLoadDll: Blocking load of 'nahimic2devprops.dll' -- see http://www.mozilla.com/en-US/blocklist/
LdrLoadDll: Blocking load of 'nahimic2osd.dll' -- see http://www.mozilla.com/en-US/blocklist/
1650874995691	Marionette	INFO	Marionette enabled
LdrLoadDll: Blocking load of 'nahimic2devprops.dll' -- see http://www.mozilla.com/en-US/blocklist/
LdrLoadDll: Blocking load of 'nahimic2osd.dll' -- see http://www.mozilla.com/en-US/blocklist/
LdrLoadDll: Blocking load of 'nahimic2devprops.dll' -- see http://www.mozilla.com/en-US/blocklist/
LdrLoadDll: Blocking load of 'nahimic2osd.dll' -- see http://www.mozilla.com/en-US/blocklist/
LdrLoadDll: Blocking load of 'nahimic2devprops.dll' -- see http://www.mozilla.com/en-US/blocklist/
LdrLoadDll: Blocking load of 'nahimic2osd.dll' -- see http://www.mozilla.com/en-US/blocklist/
LdrLoadDll: Blocking load of 'nahimic2devprops.dll' -- see http://www.mozilla.com/en-US/blocklist/
LdrLoadDll: Blocking load of 'nahimic2osd.dll' -- see http://www.mozilla.com/en-US/blocklist/
LdrLoadDll: Blocking load of 'nahimic2devprops.dll' -- see http://www.mozilla.com/en-US/blocklist/
LdrLoadDll: Blocking load of 'nahimic2osd.dll' -- see http://www.mozilla.com/en-US/blocklist/
console.warn: SearchSettings: "get: No settings file exists, new profile?" (new NotFoundError("Could not open the file at C:\\Users\\dredl\\AppData\\Local\\Temp\\rust_mozprofileLMxZzO\\search.json.mozlz4", (void 0)))
LdrLoadDll: Blocking load of 'nahimic2devprops.dll' -- see http://www.mozilla.com/en-US/blocklist/
LdrLoadDll: Blocking load of 'nahimic2osd.dll' -- see http://www.mozilla.com/en-US/blocklist/
LdrLoadDll: Blocking load of 'nahimic2devprops.dll' -- see http://www.mozilla.com/en-US/blocklist/
LdrLoadDll: Blocking load of 'nahimic2osd.dll' -- see http://www.mozilla.com/en-US/blocklist/
DevTools listening on ws://localhost:60803/devtools/browser/37f75603-5f51-40a1-a7d6-3d927513252c
1650874997565	Marionette	INFO	Listening on port 60828
Read port: 60828
1650874997623	RemoteAgent	WARN	TLS certificate errors will be ignored for this session
console.warn: LoginRecipes: "getRecipes: falling back to a synchronous message for:" "https://learningcentral.cf.ac.uk"
console.warn: LoginRecipes: "getRecipes: falling back to a synchronous message for:" "https://login.cardiff.ac.uk"
JavaScript warning: https://static.cf.ac.uk/cfui/1.7.3/thirdparty/jquery/jquery.min.js, line 2: Using //@ to indicate sourceMappingURL pragmas is deprecated. Use //# instead
1650875005582	Marionette	INFO	Stopped listening on port 60828
LdrLoadDll: Blocking load of 'nahimic2devprops.dll' -- see http://www.mozilla.com/en-US/blocklist/
LdrLoadDll: Blocking load of 'nahimic2osd.dll' -- see http://www.mozilla.com/en-US/blocklist/
LdrLoadDll: Blocking load of 'nahimic2devprops.dll' -- see http://www.mozilla.com/en-US/blocklist/
LdrLoadDll: Blocking load of 'nahimic2osd.dll' -- see http://www.mozilla.com/en-US/blocklist/
console.warn: TopSitesFeed: Failed to fetch data from Contile server: NetworkError when attempting to fetch resource.
LdrLoadDll: Blocking load of 'nahimic2devprops.dll' -- see http://www.mozilla.com/en-US/blocklist/
LdrLoadDll: Blocking load of 'nahimic2osd.dll' -- see http://www.mozilla.com/en-US/blocklist/

###!!! [Parent][PGPUParent] Error: RunMessage(msgname=PGPU::Msg_ShutdownVR) Channel closing: too late to send/recv, messages will be lost

